2018-04-25 17:07:38.995 [info] <0.33.0> Application lager started on node nonode@nohost
2018-04-25 17:07:38.996 [info] <0.33.0> Application logger started on node nonode@nohost
2018-04-25 17:07:39.018 [info] <0.33.0> Application unicode_util_compat started on node nonode@nohost
2018-04-25 17:07:39.018 [info] <0.33.0> Application idna started on node nonode@nohost
2018-04-25 17:07:39.029 [info] <0.33.0> Application mimerl started on node nonode@nohost
2018-04-25 17:07:39.031 [info] <0.33.0> Application certifi started on node nonode@nohost
2018-04-25 17:07:39.033 [info] <0.33.0> Application ssl_verify_fun started on node nonode@nohost
2018-04-25 17:07:39.038 [info] <0.33.0> Application metrics started on node nonode@nohost
2018-04-25 17:07:39.068 [info] <0.33.0> Application hackney started on node nonode@nohost
2018-04-25 17:07:39.068 [info] <0.33.0> Application httpoison started on node nonode@nohost
2018-04-25 17:07:39.090 [info] <0.33.0> Application tools started on node nonode@nohost
2018-04-25 17:07:39.090 [info] <0.33.0> Application meck started on node nonode@nohost
2018-04-25 17:07:39.091 [info] <0.33.0> Application mock started on node nonode@nohost
2018-04-25 17:07:39.094 [info] <0.33.0> Application poison started on node nonode@nohost
2018-04-25 17:07:39.104 [info] <0.33.0> Application xmerl started on node nonode@nohost
2018-04-25 17:07:39.112 [info] <0.33.0> Application jsx started on node nonode@nohost
2018-04-25 17:07:39.131 [info] <0.33.0> Application ranch started on node nonode@nohost
2018-04-25 17:07:39.134 [info] <0.33.0> Application ranch_proxy_protocol started on node nonode@nohost
2018-04-25 17:07:39.137 [info] <0.33.0> Application recon started on node nonode@nohost
2018-04-25 17:07:39.137 [info] <0.33.0> Application rabbit_common started on node nonode@nohost
2018-04-25 17:07:39.146 [info] <0.33.0> Application amqp_client started on node nonode@nohost
2018-04-25 17:07:39.146 [info] <0.33.0> Application amqp started on node nonode@nohost
2018-04-25 17:07:39.271 [info] <0.33.0> Application ex_retriever started on node nonode@nohost
2018-04-25 17:07:39.290 [info] <0.33.0> Application ex_unit started on node nonode@nohost
2018-04-25 22:26:08.473 [info] <0.33.0> Application lager started on node nonode@nohost
2018-04-25 22:26:08.473 [info] <0.33.0> Application logger started on node nonode@nohost
2018-04-25 22:26:08.533 [info] <0.33.0> Application unicode_util_compat started on node nonode@nohost
2018-04-25 22:26:08.534 [info] <0.33.0> Application idna started on node nonode@nohost
2018-04-25 22:26:08.546 [info] <0.33.0> Application mimerl started on node nonode@nohost
2018-04-25 22:26:08.549 [info] <0.33.0> Application certifi started on node nonode@nohost
2018-04-25 22:26:08.552 [info] <0.33.0> Application ssl_verify_fun started on node nonode@nohost
2018-04-25 22:26:08.555 [info] <0.33.0> Application metrics started on node nonode@nohost
2018-04-25 22:26:08.579 [info] <0.33.0> Application hackney started on node nonode@nohost
2018-04-25 22:26:08.579 [info] <0.33.0> Application httpoison started on node nonode@nohost
2018-04-25 22:26:08.593 [info] <0.33.0> Application tools started on node nonode@nohost
2018-04-25 22:26:08.594 [info] <0.33.0> Application meck started on node nonode@nohost
2018-04-25 22:26:08.594 [info] <0.33.0> Application mock started on node nonode@nohost
2018-04-25 22:26:08.597 [info] <0.33.0> Application poison started on node nonode@nohost
2018-04-25 22:26:08.606 [info] <0.33.0> Application xmerl started on node nonode@nohost
2018-04-25 22:26:08.609 [info] <0.33.0> Application jsx started on node nonode@nohost
2018-04-25 22:26:08.618 [info] <0.33.0> Application ranch started on node nonode@nohost
2018-04-25 22:26:08.621 [info] <0.33.0> Application ranch_proxy_protocol started on node nonode@nohost
2018-04-25 22:26:08.626 [info] <0.33.0> Application recon started on node nonode@nohost
2018-04-25 22:26:08.627 [info] <0.33.0> Application rabbit_common started on node nonode@nohost
2018-04-25 22:26:08.639 [info] <0.33.0> Application amqp_client started on node nonode@nohost
2018-04-25 22:26:08.639 [info] <0.33.0> Application amqp started on node nonode@nohost
